<?xml version="1.0" encoding="UTF-8"?>
<!-- Generated by org.testng.reporters.JUnitXMLReporter -->
<testsuite hostname="DESKTOP-U3C7JJ8" ignored="6" name="Default test" tests="1" failures="0" timestamp="24 Apr 2018 06:02:58 GMT" time="41.221" errors="0">
  <testcase name="loginTest" time="25.072" classname="gurudemosite.HomePageTest"/>
  <testcase name="homePageTitle" time="0.0" classname="gurudemosite.HomePageTest">
    <ignored/>
  </testcase> <!-- homePageTitle -->
  <testcase name="loginInValidInput" time="0.0" classname="gurudemosite.HomePageTest">
    <ignored/>
  </testcase> <!-- loginInValidInput -->
  <testcase name="blankPassword" time="0.0" classname="gurudemosite.HomePageTest">
    <ignored/>
  </testcase> <!-- blankPassword -->
  <testcase name="resetButton" time="0.0" classname="gurudemosite.HomePageTest">
    <ignored/>
  </testcase> <!-- resetButton -->
  <testcase name="loginValidInput" time="0.0" classname="gurudemosite.HomePageTest">
    <ignored/>
  </testcase> <!-- loginValidInput -->
  <testcase name="blankUserId" time="0.0" classname="gurudemosite.HomePageTest">
    <ignored/>
  </testcase> <!-- blankUserId -->
</testsuite> <!-- Default test -->
