<?xml version="1.0" encoding="UTF-8"?>
<testng-results skipped="0" failed="0" ignored="6" total="7" passed="1">
  <reporter-output>
  </reporter-output>
  <suite name="Default suite" duration-ms="41221" started-at="2018-04-24T06:02:17Z" finished-at="2018-04-24T06:02:58Z">
    <groups>
    </groups>
    <test name="Default test" duration-ms="41221" started-at="2018-04-24T06:02:17Z" finished-at="2018-04-24T06:02:58Z">
      <class name="gurudemosite.HomePageTest">
        <test-method status="PASS" signature="setUp()[pri:0, instance:gurudemosite.HomePageTest@43bd930a]" name="setUp" is-config="true" duration-ms="14938" started-at="2018-04-24T06:02:17Z" finished-at="2018-04-24T06:02:32Z">
          <reporter-output>
          </reporter-output>
        </test-method> <!-- setUp -->
        <test-method status="PASS" signature="loginTest()[pri:7, instance:gurudemosite.HomePageTest@43bd930a]" name="loginTest" duration-ms="25072" started-at="2018-04-24T06:02:32Z" description="Login validation with multiple sets of data including valid and invalid" finished-at="2018-04-24T06:02:57Z">
          <reporter-output>
          </reporter-output>
        </test-method> <!-- loginTest -->
        <test-method status="PASS" signature="tearDown()[pri:0, instance:gurudemosite.HomePageTest@43bd930a]" name="tearDown" is-config="true" duration-ms="1183" started-at="2018-04-24T06:02:57Z" finished-at="2018-04-24T06:02:58Z">
          <reporter-output>
          </reporter-output>
        </test-method> <!-- tearDown -->
      </class> <!-- gurudemosite.HomePageTest -->
    </test> <!-- Default test -->
  </suite> <!-- Default suite -->
</testng-results>
